# JRE version: OpenJDK Runtime Environment JBR-17.0.7+7-1000.6-jcef (17.0.7+7) (build 17.0.7+7-b1000.6)
# Java VM: OpenJDK 64-Bit Server VM JBR-17.0.7+7-1000.6-jcef (17.0.7+7-b1000.6, mixed mode, tiered, compressed oops, compressed class ptrs, g1 gc, windows-amd64)
GC Precious Log:
 CPUs: 4 total, 4 available
 Memory: 3534M
 Large Page Support: Disabled
 NUMA Support: Disabled
 Compressed Oops: Enabled (32-bit)
 Heap Region Size: 1M
 Heap Min Capacity: 256M
 Heap Initial Capacity: 256M
 Heap Max Capacity: 512M
 Pre-touch: Disabled
 Parallel Workers: 4
 Concurrent Workers: 1
 Concurrent Refinement Workers: 4
 Periodic GC: Disabled
Heap:
 garbage-first heap   total 262144K, used 84775K [0x00000000e0000000, 0x0000000100000000)
  region size 1024K, 60 young (61440K), 11 survivors (11264K)
 Metaspace       used 58916K, committed 59456K, reserved 393216K
  class space    used 8042K, committed 8320K, reserved 327680K
GC Heap History (16 events):
Event: 6.843 GC heap before
{Heap before GC invocations=0 (full 0):
 garbage-first heap   total 262144K, used 13312K [0x00000000e0000000, 0x0000000100000000)
  region size 1024K, 13 young (13312K), 0 survivors (0K)
 Metaspace       used 7072K, committed 7168K, reserved 393216K
  class space    used 621K, committed 704K, reserved 327680K
}
Event: 6.868 GC heap after
{Heap after GC invocations=1 (full 0):
 garbage-first heap   total 262144K, used 1660K [0x00000000e0000000, 0x0000000100000000)
  region size 1024K, 2 young (2048K), 2 survivors (2048K)
 Metaspace       used 7072K, committed 7168K, reserved 393216K
  class space    used 621K, committed 704K, reserved 327680K
}
Event: 12.154 GC heap before
{Heap before GC invocations=1 (full 0):
 garbage-first heap   total 262144K, used 23164K [0x00000000e0000000, 0x0000000100000000)
  region size 1024K, 20 young (20480K), 2 survivors (2048K)
 Metaspace       used 10727K, committed 10880K, reserved 393216K
  class space    used 1108K, committed 1216K, reserved 327680K
}
Event: 12.160 GC heap after
{Heap after GC invocations=2 (full 0):
 garbage-first heap   total 262144K, used 11123K [0x00000000e0000000, 0x0000000100000000)
  region size 1024K, 3 young (3072K), 3 survivors (3072K)
 Metaspace       used 10727K, committed 10880K, reserved 393216K
  class space    used 1108K, committed 1216K, reserved 327680K
}
Event: 20.571 GC heap before
{Heap before GC invocations=2 (full 0):
 garbage-first heap   total 262144K, used 64371K [0x00000000e0000000, 0x0000000100000000)
  region size 1024K, 53 young (54272K), 3 survivors (3072K)
 Metaspace       used 12335K, committed 12480K, reserved 393216K
  class space    used 1360K, committed 1408K, reserved 327680K
}
Event: 20.581 GC heap after
{Heap after GC invocations=3 (full 0):
 garbage-first heap   total 262144K, used 16783K [0x00000000e0000000, 0x0000000100000000)
  region size 1024K, 7 young (7168K), 7 survivors (7168K)
 Metaspace       used 12335K, committed 12480K, reserved 393216K
  class space    used 1360K, committed 1408K, reserved 327680K
}
Event: 28.898 GC heap before
{Heap before GC invocations=3 (full 0):
 garbage-first heap   total 262144K, used 48527K [0x00000000e0000000, 0x0000000100000000)
  region size 1024K, 39 young (39936K), 7 survivors (7168K)
 Metaspace       used 21344K, committed 21504K, reserved 393216K
  class space    used 2524K, committed 2624K, reserved 327680K
}
Event: 28.914 GC heap after
{Heap after GC invocations=4 (full 0):
 garbage-first heap   total 262144K, used 20391K [0x00000000e0000000, 0x0000000100000000)
  region size 1024K, 11 young (11264K), 11 survivors (11264K)
 Metaspace       used 21344K, committed 21504K, reserved 393216K
  class space    used 2524K, committed 2624K, reserved 327680K
}
Event: 56.590 GC heap before
{Heap before GC invocations=5 (full 0):
 garbage-first heap   total 262144K, used 128935K [0x00000000e0000000, 0x0000000100000000)
  region size 1024K, 118 young (120832K), 11 survivors (11264K)
 Metaspace       used 35798K, committed 36096K, reserved 393216K
  class space    used 4907K, committed 5056K, reserved 327680K
}
Event: 56.649 GC heap after
{Heap after GC invocations=6 (full 0):
 garbage-first heap   total 262144K, used 24975K [0x00000000e0000000, 0x0000000100000000)
  region size 1024K, 15 young (15360K), 15 survivors (15360K)
 Metaspace       used 35798K, committed 36096K, reserved 393216K
  class space    used 4907K, committed 5056K, reserved 327680K
}
Event: 57.009 GC heap before
{Heap before GC invocations=6 (full 0):
 garbage-first heap   total 262144K, used 25999K [0x00000000e0000000, 0x0000000100000000)
  region size 1024K, 16 young (16384K), 15 survivors (15360K)
 Metaspace       used 35950K, committed 36224K, reserved 393216K
  class space    used 4938K, committed 5056K, reserved 327680K
}
Event: 57.036 GC heap after
{Heap after GC invocations=7 (full 0):
 garbage-first heap   total 262144K, used 26753K [0x00000000e0000000, 0x0000000100000000)
  region size 1024K, 2 young (2048K), 2 survivors (2048K)
 Metaspace       used 35950K, committed 36224K, reserved 393216K
  class space    used 4938K, committed 5056K, reserved 327680K
}
Event: 57.061 GC heap before
{Heap before GC invocations=7 (full 0):
 garbage-first heap   total 262144K, used 27777K [0x00000000e0000000, 0x0000000100000000)
  region size 1024K, 4 young (4096K), 2 survivors (2048K)
 Metaspace       used 36117K, committed 36480K, reserved 393216K
  class space    used 4963K, committed 5120K, reserved 327680K
}
Event: 57.063 GC heap after
{Heap after GC invocations=8 (full 0):
 garbage-first heap   total 262144K, used 25282K [0x00000000e0000000, 0x0000000100000000)
  region size 1024K, 1 young (1024K), 1 survivors (1024K)
 Metaspace       used 36117K, committed 36480K, reserved 393216K
  class space    used 4963K, committed 5120K, reserved 327680K
}
Event: 83.172 GC heap before
{Heap before GC invocations=9 (full 0):
 garbage-first heap   total 262144K, used 187074K [0x00000000e0000000, 0x0000000100000000)
  region size 1024K, 153 young (156672K), 1 survivors (1024K)
 Metaspace       used 55098K, committed 55552K, reserved 393216K
  class space    used 7426K, committed 7616K, reserved 327680K
}
Event: 83.206 GC heap after
{Heap after GC invocations=10 (full 0):
 garbage-first heap   total 262144K, used 35623K [0x00000000e0000000, 0x0000000100000000)
  region size 1024K, 11 young (11264K), 11 survivors (11264K)
 Metaspace       used 55098K, committed 55552K, reserved 393216K
  class space    used 7426K, committed 7616K, reserved 327680K
}

