# JRE version: OpenJDK Runtime Environment JBR-17.0.7+7-1000.6-jcef (17.0.7+7) (build 17.0.7+7-b1000.6)
# Java VM: OpenJDK 64-Bit Server VM JBR-17.0.7+7-1000.6-jcef (17.0.7+7-b1000.6, mixed mode, emulated-client, tiered, compressed oops, compressed class ptrs, g1 gc, windows-amd64)
GC Precious Log:
 CPUs: 4 total, 4 available
 Memory: 3534M
 Large Page Support: Disabled
 NUMA Support: Disabled
 Compressed Oops: Enabled (32-bit)
 Heap Region Size: 1M
 Heap Min Capacity: 8M
 Heap Initial Capacity: 56M
 Heap Max Capacity: 884M
 Pre-touch: Disabled
 Parallel Workers: 4
 Concurrent Workers: 1
 Concurrent Refinement Workers: 4
 Periodic GC: Disabled
Heap:
 garbage-first heap   total 57344K, used 14134K [0x00000000c8c00000, 0x0000000100000000)
  region size 1024K, 2 young (2048K), 2 survivors (2048K)
 Metaspace       used 31979K, committed 32256K, reserved 1114112K
  class space    used 4046K, committed 4160K, reserved 1048576K
GC Heap History (17 events):
Event: 6.205 GC heap before
{Heap before GC invocations=0 (full 0):
 garbage-first heap   total 57344K, used 13312K [0x00000000c8c00000, 0x0000000100000000)
  region size 1024K, 13 young (13312K), 0 survivors (0K)
 Metaspace       used 13328K, committed 13504K, reserved 1114112K
  class space    used 1374K, committed 1472K, reserved 1048576K
}
Event: 6.219 GC heap after
{Heap after GC invocations=1 (full 0):
 garbage-first heap   total 57344K, used 7216K [0x00000000c8c00000, 0x0000000100000000)
  region size 1024K, 2 young (2048K), 2 survivors (2048K)
 Metaspace       used 13328K, committed 13504K, reserved 1114112K
  class space    used 1374K, committed 1472K, reserved 1048576K
}
Event: 6.654 GC heap before
{Heap before GC invocations=1 (full 0):
 garbage-first heap   total 57344K, used 14384K [0x00000000c8c00000, 0x0000000100000000)
  region size 1024K, 9 young (9216K), 2 survivors (2048K)
 Metaspace       used 15920K, committed 16128K, reserved 1114112K
  class space    used 1713K, committed 1792K, reserved 1048576K
}
Event: 6.659 GC heap after
{Heap after GC invocations=2 (full 0):
 garbage-first heap   total 57344K, used 7904K [0x00000000c8c00000, 0x0000000100000000)
  region size 1024K, 1 young (1024K), 1 survivors (1024K)
 Metaspace       used 15920K, committed 16128K, reserved 1114112K
  class space    used 1713K, committed 1792K, reserved 1048576K
}
Event: 7.645 GC heap before
{Heap before GC invocations=2 (full 0):
 garbage-first heap   total 57344K, used 25312K [0x00000000c8c00000, 0x0000000100000000)
  region size 1024K, 18 young (18432K), 1 survivors (1024K)
 Metaspace       used 19141K, committed 19392K, reserved 1114112K
  class space    used 2194K, committed 2304K, reserved 1048576K
}
Event: 7.649 GC heap after
{Heap after GC invocations=3 (full 0):
 garbage-first heap   total 57344K, used 8972K [0x00000000c8c00000, 0x0000000100000000)
  region size 1024K, 2 young (2048K), 2 survivors (2048K)
 Metaspace       used 19141K, committed 19392K, reserved 1114112K
  class space    used 2194K, committed 2304K, reserved 1048576K
}
Event: 7.965 GC heap before
{Heap before GC invocations=3 (full 0):
 garbage-first heap   total 57344K, used 17164K [0x00000000c8c00000, 0x0000000100000000)
  region size 1024K, 12 young (12288K), 2 survivors (2048K)
 Metaspace       used 21344K, committed 21504K, reserved 1114112K
  class space    used 2537K, committed 2624K, reserved 1048576K
}
Event: 7.970 GC heap after
{Heap after GC invocations=4 (full 0):
 garbage-first heap   total 57344K, used 9584K [0x00000000c8c00000, 0x0000000100000000)
  region size 1024K, 3 young (3072K), 3 survivors (3072K)
 Metaspace       used 21344K, committed 21504K, reserved 1114112K
  class space    used 2537K, committed 2624K, reserved 1048576K
}
Event: 8.637 GC heap before
{Heap before GC invocations=5 (full 0):
 garbage-first heap   total 37888K, used 28016K [0x00000000c8c00000, 0x0000000100000000)
  region size 1024K, 23 young (23552K), 3 survivors (3072K)
 Metaspace       used 25777K, committed 26048K, reserved 1114112K
  class space    used 3237K, committed 3392K, reserved 1048576K
}
Event: 8.643 GC heap after
{Heap after GC invocations=6 (full 0):
 garbage-first heap   total 37888K, used 10903K [0x00000000c8c00000, 0x0000000100000000)
  region size 1024K, 3 young (3072K), 3 survivors (3072K)
 Metaspace       used 25777K, committed 26048K, reserved 1114112K
  class space    used 3237K, committed 3392K, reserved 1048576K
}
Event: 8.653 GC heap before
{Heap before GC invocations=6 (full 0):
 garbage-first heap   total 37888K, used 10903K [0x00000000c8c00000, 0x0000000100000000)
  region size 1024K, 4 young (4096K), 3 survivors (3072K)
 Metaspace       used 25981K, committed 26240K, reserved 1114112K
  class space    used 3251K, committed 3392K, reserved 1048576K
}
Event: 8.658 GC heap after
{Heap after GC invocations=7 (full 0):
 garbage-first heap   total 37888K, used 10910K [0x00000000c8c00000, 0x0000000100000000)
  region size 1024K, 1 young (1024K), 1 survivors (1024K)
 Metaspace       used 25981K, committed 26240K, reserved 1114112K
  class space    used 3251K, committed 3392K, reserved 1048576K
}
Event: 9.230 GC heap before
{Heap before GC invocations=7 (full 0):
 garbage-first heap   total 37888K, used 23198K [0x00000000c8c00000, 0x0000000100000000)
  region size 1024K, 14 young (14336K), 1 survivors (1024K)
 Metaspace       used 28870K, committed 29056K, reserved 1114112K
  class space    used 3585K, committed 3648K, reserved 1048576K
}
Event: 9.233 GC heap after
{Heap after GC invocations=8 (full 0):
 garbage-first heap   total 37888K, used 11888K [0x00000000c8c00000, 0x0000000100000000)
  region size 1024K, 2 young (2048K), 2 survivors (2048K)
 Metaspace       used 28870K, committed 29056K, reserved 1114112K
  class space    used 3585K, committed 3648K, reserved 1048576K
}
Event: 9.395 GC heap before
{Heap before GC invocations=8 (full 0):
 garbage-first heap   total 37888K, used 25200K [0x00000000c8c00000, 0x0000000100000000)
  region size 1024K, 15 young (15360K), 2 survivors (2048K)
 Metaspace       used 31089K, committed 31360K, reserved 1114112K
  class space    used 3901K, committed 4032K, reserved 1048576K
}
Event: 9.399 GC heap after
{Heap after GC invocations=9 (full 0):
 garbage-first heap   total 37888K, used 13000K [0x00000000c8c00000, 0x0000000100000000)
  region size 1024K, 2 young (2048K), 2 survivors (2048K)
 Metaspace       used 31089K, committed 31360K, reserved 1114112K
  class space    used 3901K, committed 4032K, reserved 1048576K
}
Event: 9.760 GC heap before
{Heap before GC invocations=9 (full 0):
 garbage-first heap   total 37888K, used 26312K [0x00000000c8c00000, 0x0000000100000000)
  region size 1024K, 15 young (15360K), 2 survivors (2048K)
 Metaspace       used 31979K, committed 32256K, reserved 1114112K
  class space    used 4046K, committed 4160K, reserved 1048576K
}

