# JRE version: OpenJDK Runtime Environment JBR-17.0.7+7-1000.6-jcef (17.0.7+7) (build 17.0.7+7-b1000.6)
# Java VM: OpenJDK 64-Bit Server VM JBR-17.0.7+7-1000.6-jcef (17.0.7+7-b1000.6, mixed mode, emulated-client, tiered, compressed oops, compressed class ptrs, g1 gc, windows-amd64)
GC Precious Log:
 CPUs: 4 total, 4 available
 Memory: 3534M
 Large Page Support: Disabled
 NUMA Support: Disabled
 Compressed Oops: Enabled (32-bit)
 Heap Region Size: 1M
 Heap Min Capacity: 8M
 Heap Initial Capacity: 56M
 Heap Max Capacity: 884M
 Pre-touch: Disabled
 Parallel Workers: 4
 Concurrent Workers: 1
 Concurrent Refinement Workers: 4
 Periodic GC: Disabled
Heap:
 garbage-first heap   total 61440K, used 31795K [0x00000000c8c00000, 0x0000000100000000)
  region size 1024K, 16 young (16384K), 4 survivors (4096K)
 Metaspace       used 55156K, committed 55552K, reserved 1114112K
  class space    used 7489K, committed 7680K, reserved 1048576K
GC Heap History (20 events):
Event: 3.945 GC heap before
{Heap before GC invocations=5 (full 0):
 garbage-first heap   total 37888K, used 29181K [0x00000000c8c00000, 0x0000000100000000)
  region size 1024K, 23 young (23552K), 3 survivors (3072K)
 Metaspace       used 25746K, committed 26048K, reserved 1114112K
  class space    used 3240K, committed 3392K, reserved 1048576K
}
Event: 3.954 GC heap after
{Heap after GC invocations=6 (full 0):
 garbage-first heap   total 37888K, used 10775K [0x00000000c8c00000, 0x0000000100000000)
  region size 1024K, 4 young (4096K), 4 survivors (4096K)
 Metaspace       used 25746K, committed 26048K, reserved 1114112K
  class space    used 3240K, committed 3392K, reserved 1048576K
}
Event: 3.968 GC heap before
{Heap before GC invocations=6 (full 0):
 garbage-first heap   total 37888K, used 10775K [0x00000000c8c00000, 0x0000000100000000)
  region size 1024K, 5 young (5120K), 4 survivors (4096K)
 Metaspace       used 25921K, committed 26176K, reserved 1114112K
  class space    used 3255K, committed 3392K, reserved 1048576K
}
Event: 3.976 GC heap after
{Heap after GC invocations=7 (full 0):
 garbage-first heap   total 37888K, used 10851K [0x00000000c8c00000, 0x0000000100000000)
  region size 1024K, 1 young (1024K), 1 survivors (1024K)
 Metaspace       used 25921K, committed 26176K, reserved 1114112K
  class space    used 3255K, committed 3392K, reserved 1048576K
}
Event: 4.396 GC heap before
{Heap before GC invocations=7 (full 0):
 garbage-first heap   total 37888K, used 23139K [0x00000000c8c00000, 0x0000000100000000)
  region size 1024K, 14 young (14336K), 1 survivors (1024K)
 Metaspace       used 28588K, committed 28864K, reserved 1114112K
  class space    used 3526K, committed 3648K, reserved 1048576K
}
Event: 4.402 GC heap after
{Heap after GC invocations=8 (full 0):
 garbage-first heap   total 37888K, used 12042K [0x00000000c8c00000, 0x0000000100000000)
  region size 1024K, 2 young (2048K), 2 survivors (2048K)
 Metaspace       used 28588K, committed 28864K, reserved 1114112K
  class space    used 3526K, committed 3648K, reserved 1048576K
}
Event: 4.686 GC heap before
{Heap before GC invocations=8 (full 0):
 garbage-first heap   total 37888K, used 25354K [0x00000000c8c00000, 0x0000000100000000)
  region size 1024K, 15 young (15360K), 2 survivors (2048K)
 Metaspace       used 30787K, committed 31040K, reserved 1114112K
  class space    used 3850K, committed 3968K, reserved 1048576K
}
Event: 4.691 GC heap after
{Heap after GC invocations=9 (full 0):
 garbage-first heap   total 37888K, used 12865K [0x00000000c8c00000, 0x0000000100000000)
  region size 1024K, 1 young (1024K), 1 survivors (1024K)
 Metaspace       used 30787K, committed 31040K, reserved 1114112K
  class space    used 3850K, committed 3968K, reserved 1048576K
}
Event: 5.287 GC heap before
{Heap before GC invocations=9 (full 0):
 garbage-first heap   total 37888K, used 27201K [0x00000000c8c00000, 0x0000000100000000)
  region size 1024K, 15 young (15360K), 1 survivors (1024K)
 Metaspace       used 32017K, committed 32256K, reserved 1114112K
  class space    used 4053K, committed 4160K, reserved 1048576K
}
Event: 5.309 GC heap after
{Heap after GC invocations=10 (full 0):
 garbage-first heap   total 75776K, used 14102K [0x00000000c8c00000, 0x0000000100000000)
  region size 1024K, 2 young (2048K), 2 survivors (2048K)
 Metaspace       used 32017K, committed 32256K, reserved 1114112K
  class space    used 4053K, committed 4160K, reserved 1048576K
}
Event: 8.548 GC heap before
{Heap before GC invocations=10 (full 0):
 garbage-first heap   total 75776K, used 42774K [0x00000000c8c00000, 0x0000000100000000)
  region size 1024K, 31 young (31744K), 2 survivors (2048K)
 Metaspace       used 35776K, committed 36160K, reserved 1114112K
  class space    used 4650K, committed 4864K, reserved 1048576K
}
Event: 8.555 GC heap after
{Heap after GC invocations=11 (full 0):
 garbage-first heap   total 75776K, used 16236K [0x00000000c8c00000, 0x0000000100000000)
  region size 1024K, 5 young (5120K), 5 survivors (5120K)
 Metaspace       used 35776K, committed 36160K, reserved 1114112K
  class space    used 4650K, committed 4864K, reserved 1048576K
}
Event: 11.041 GC heap before
{Heap before GC invocations=12 (full 0):
 garbage-first heap   total 61440K, used 47980K [0x00000000c8c00000, 0x0000000100000000)
  region size 1024K, 36 young (36864K), 5 survivors (5120K)
 Metaspace       used 40344K, committed 40704K, reserved 1114112K
  class space    used 5324K, committed 5504K, reserved 1048576K
}
Event: 11.053 GC heap after
{Heap after GC invocations=13 (full 0):
 garbage-first heap   total 61440K, used 18620K [0x00000000c8c00000, 0x0000000100000000)
  region size 1024K, 5 young (5120K), 5 survivors (5120K)
 Metaspace       used 40344K, committed 40704K, reserved 1114112K
  class space    used 5324K, committed 5504K, reserved 1048576K
}
Event: 11.097 GC heap before
{Heap before GC invocations=13 (full 0):
 garbage-first heap   total 61440K, used 19644K [0x00000000c8c00000, 0x0000000100000000)
  region size 1024K, 6 young (6144K), 5 survivors (5120K)
 Metaspace       used 40479K, committed 40832K, reserved 1114112K
  class space    used 5351K, committed 5504K, reserved 1048576K
}
Event: 11.105 GC heap after
{Heap after GC invocations=14 (full 0):
 garbage-first heap   total 61440K, used 18958K [0x00000000c8c00000, 0x0000000100000000)
  region size 1024K, 1 young (1024K), 1 survivors (1024K)
 Metaspace       used 40479K, committed 40832K, reserved 1114112K
  class space    used 5351K, committed 5504K, reserved 1048576K
}
Event: 14.566 GC heap before
{Heap before GC invocations=14 (full 0):
 garbage-first heap   total 61440K, used 45582K [0x00000000c8c00000, 0x0000000100000000)
  region size 1024K, 28 young (28672K), 1 survivors (1024K)
 Metaspace       used 45879K, committed 46400K, reserved 1114112K
  class space    used 6148K, committed 6400K, reserved 1048576K
}
Event: 14.570 GC heap after
{Heap after GC invocations=15 (full 0):
 garbage-first heap   total 61440K, used 19529K [0x00000000c8c00000, 0x0000000100000000)
  region size 1024K, 2 young (2048K), 2 survivors (2048K)
 Metaspace       used 45879K, committed 46400K, reserved 1114112K
  class space    used 6148K, committed 6400K, reserved 1048576K
}
Event: 15.796 GC heap before
{Heap before GC invocations=15 (full 0):
 garbage-first heap   total 61440K, used 46153K [0x00000000c8c00000, 0x0000000100000000)
  region size 1024K, 29 young (29696K), 2 survivors (2048K)
 Metaspace       used 52619K, committed 53056K, reserved 1114112K
  class space    used 7111K, committed 7296K, reserved 1048576K
}
Event: 15.801 GC heap after
{Heap after GC invocations=16 (full 0):
 garbage-first heap   total 61440K, used 21555K [0x00000000c8c00000, 0x0000000100000000)
  region size 1024K, 4 young (4096K), 4 survivors (4096K)
 Metaspace       used 52619K, committed 53056K, reserved 1114112K
  class space    used 7111K, committed 7296K, reserved 1048576K
}

