# JRE version: OpenJDK Runtime Environment JBR-17.0.7+7-1000.6-jcef (17.0.7+7) (build 17.0.7+7-b1000.6)
# Java VM: OpenJDK 64-Bit Server VM JBR-17.0.7+7-1000.6-jcef (17.0.7+7-b1000.6, mixed mode, tiered, compressed oops, compressed class ptrs, g1 gc, windows-amd64)
GC Precious Log:
 CPUs: 4 total, 4 available
 Memory: 3534M
 Large Page Support: Disabled
 NUMA Support: Disabled
 Compressed Oops: Enabled (32-bit)
 Heap Region Size: 1M
 Heap Min Capacity: 256M
 Heap Initial Capacity: 256M
 Heap Max Capacity: 512M
 Pre-touch: Disabled
 Parallel Workers: 4
 Concurrent Workers: 1
 Concurrent Refinement Workers: 4
 Periodic GC: Disabled
Heap:
 garbage-first heap   total 262144K, used 72094K [0x00000000e0000000, 0x0000000100000000)
  region size 1024K, 26 young (26624K), 2 survivors (2048K)
 Metaspace       used 64901K, committed 65408K, reserved 393216K
  class space    used 8746K, committed 8960K, reserved 327680K
GC Heap History (20 events):
Event: 79.019 GC heap before
{Heap before GC invocations=5 (full 0):
 garbage-first heap   total 262144K, used 81866K [0x00000000e0000000, 0x0000000100000000)
  region size 1024K, 70 young (71680K), 10 survivors (10240K)
 Metaspace       used 29862K, committed 30144K, reserved 393216K
  class space    used 3955K, committed 4096K, reserved 327680K
}
Event: 79.049 GC heap after
{Heap after GC invocations=6 (full 0):
 garbage-first heap   total 262144K, used 23561K [0x00000000e0000000, 0x0000000100000000)
  region size 1024K, 8 young (8192K), 8 survivors (8192K)
 Metaspace       used 29862K, committed 30144K, reserved 393216K
  class space    used 3955K, committed 4096K, reserved 327680K
}
Event: 79.805 GC heap before
{Heap before GC invocations=6 (full 0):
 garbage-first heap   total 262144K, used 27657K [0x00000000e0000000, 0x0000000100000000)
  region size 1024K, 12 young (12288K), 8 survivors (8192K)
 Metaspace       used 30500K, committed 30784K, reserved 393216K
  class space    used 4063K, committed 4224K, reserved 327680K
}
Event: 79.825 GC heap after
{Heap after GC invocations=7 (full 0):
 garbage-first heap   total 262144K, used 23668K [0x00000000e0000000, 0x0000000100000000)
  region size 1024K, 1 young (1024K), 1 survivors (1024K)
 Metaspace       used 30500K, committed 30784K, reserved 393216K
  class space    used 4063K, committed 4224K, reserved 327680K
}
Event: 84.565 GC heap before
{Heap before GC invocations=7 (full 0):
 garbage-first heap   total 262144K, used 66676K [0x00000000e0000000, 0x0000000100000000)
  region size 1024K, 44 young (45056K), 1 survivors (1024K)
 Metaspace       used 35783K, committed 36096K, reserved 393216K
  class space    used 4906K, committed 5056K, reserved 327680K
}
Event: 84.623 GC heap after
{Heap after GC invocations=8 (full 0):
 garbage-first heap   total 262144K, used 24466K [0x00000000e0000000, 0x0000000100000000)
  region size 1024K, 2 young (2048K), 2 survivors (2048K)
 Metaspace       used 35783K, committed 36096K, reserved 393216K
  class space    used 4906K, committed 5056K, reserved 327680K
}
Event: 116.749 GC heap before
{Heap before GC invocations=9 (full 0):
 garbage-first heap   total 262144K, used 185234K [0x00000000e0000000, 0x0000000100000000)
  region size 1024K, 153 young (156672K), 2 survivors (2048K)
 Metaspace       used 54851K, committed 55296K, reserved 393216K
  class space    used 7399K, committed 7616K, reserved 327680K
}
Event: 116.811 GC heap after
{Heap after GC invocations=10 (full 0):
 garbage-first heap   total 262144K, used 34554K [0x00000000e0000000, 0x0000000100000000)
  region size 1024K, 12 young (12288K), 12 survivors (12288K)
 Metaspace       used 54851K, committed 55296K, reserved 393216K
  class space    used 7399K, committed 7616K, reserved 327680K
}
Event: 149.384 GC heap before
{Heap before GC invocations=10 (full 0):
 garbage-first heap   total 262144K, used 100090K [0x00000000e0000000, 0x0000000100000000)
  region size 1024K, 77 young (78848K), 12 survivors (12288K)
 Metaspace       used 59832K, committed 60288K, reserved 393216K
  class space    used 8168K, committed 8384K, reserved 327680K
}
Event: 149.450 GC heap after
{Heap after GC invocations=11 (full 0):
 garbage-first heap   total 262144K, used 38507K [0x00000000e0000000, 0x0000000100000000)
  region size 1024K, 14 young (14336K), 14 survivors (14336K)
 Metaspace       used 59832K, committed 60288K, reserved 393216K
  class space    used 8168K, committed 8384K, reserved 327680K
}
Event: 430.907 GC heap before
{Heap before GC invocations=12 (full 0):
 garbage-first heap   total 262144K, used 180843K [0x00000000e0000000, 0x0000000100000000)
  region size 1024K, 153 young (156672K), 14 survivors (14336K)
 Metaspace       used 64511K, committed 65024K, reserved 393216K
  class space    used 8743K, committed 8960K, reserved 327680K
}
Event: 434.026 GC heap after
{Heap after GC invocations=13 (full 0):
 garbage-first heap   total 262144K, used 46080K [0x00000000e0000000, 0x0000000100000000)
  region size 1024K, 12 young (12288K), 12 survivors (12288K)
 Metaspace       used 64511K, committed 65024K, reserved 393216K
  class space    used 8743K, committed 8960K, reserved 327680K
}
Event: 434.324 GC heap before
{Heap before GC invocations=13 (full 0):
 garbage-first heap   total 262144K, used 47104K [0x00000000e0000000, 0x0000000100000000)
  region size 1024K, 13 young (13312K), 12 survivors (12288K)
 Metaspace       used 64514K, committed 65024K, reserved 393216K
  class space    used 8743K, committed 8960K, reserved 327680K
}
Event: 434.351 GC heap after
{Heap after GC invocations=14 (full 0):
 garbage-first heap   total 262144K, used 47815K [0x00000000e0000000, 0x0000000100000000)
  region size 1024K, 2 young (2048K), 2 survivors (2048K)
 Metaspace       used 64514K, committed 65024K, reserved 393216K
  class space    used 8743K, committed 8960K, reserved 327680K
}
Event: 446.894 GC heap before
{Heap before GC invocations=14 (full 0):
 garbage-first heap   total 262144K, used 57031K [0x00000000e0000000, 0x0000000100000000)
  region size 1024K, 12 young (12288K), 2 survivors (2048K)
 Metaspace       used 64620K, committed 65088K, reserved 393216K
  class space    used 8744K, committed 8960K, reserved 327680K
}
Event: 446.969 GC heap after
{Heap after GC invocations=15 (full 0):
 garbage-first heap   total 262144K, used 47245K [0x00000000e0000000, 0x0000000100000000)
  region size 1024K, 2 young (2048K), 2 survivors (2048K)
 Metaspace       used 64620K, committed 65088K, reserved 393216K
  class space    used 8744K, committed 8960K, reserved 327680K
}
Event: 457.611 GC heap before
{Heap before GC invocations=15 (full 0):
 garbage-first heap   total 262144K, used 57485K [0x00000000e0000000, 0x0000000100000000)
  region size 1024K, 12 young (12288K), 2 survivors (2048K)
 Metaspace       used 64698K, committed 65216K, reserved 393216K
  class space    used 8744K, committed 8960K, reserved 327680K
}
Event: 457.620 GC heap after
{Heap after GC invocations=16 (full 0):
 garbage-first heap   total 262144K, used 47835K [0x00000000e0000000, 0x0000000100000000)
  region size 1024K, 2 young (2048K), 2 survivors (2048K)
 Metaspace       used 64698K, committed 65216K, reserved 393216K
  class space    used 8744K, committed 8960K, reserved 327680K
}
Event: 474.229 GC heap before
{Heap before GC invocations=16 (full 0):
 garbage-first heap   total 262144K, used 58075K [0x00000000e0000000, 0x0000000100000000)
  region size 1024K, 12 young (12288K), 2 survivors (2048K)
 Metaspace       used 64730K, committed 65280K, reserved 393216K
  class space    used 8744K, committed 8960K, reserved 327680K
}
Event: 474.243 GC heap after
{Heap after GC invocations=17 (full 0):
 garbage-first heap   total 262144K, used 48542K [0x00000000e0000000, 0x0000000100000000)
  region size 1024K, 2 young (2048K), 2 survivors (2048K)
 Metaspace       used 64730K, committed 65280K, reserved 393216K
  class space    used 8744K, committed 8960K, reserved 327680K
}

