# JRE version: OpenJDK Runtime Environment JBR-17.0.7+7-1000.6-jcef (17.0.7+7) (build 17.0.7+7-b1000.6)
# Java VM: OpenJDK 64-Bit Server VM JBR-17.0.7+7-1000.6-jcef (17.0.7+7-b1000.6, mixed mode, tiered, compressed oops, compressed class ptrs, g1 gc, windows-amd64)
GC Precious Log:
 CPUs: 4 total, 4 available
 Memory: 3534M
 Large Page Support: Disabled
 NUMA Support: Disabled
 Compressed Oops: Enabled (32-bit)
 Heap Region Size: 1M
 Heap Min Capacity: 256M
 Heap Initial Capacity: 256M
 Heap Max Capacity: 512M
 Pre-touch: Disabled
 Parallel Workers: 4
 Concurrent Workers: 1
 Concurrent Refinement Workers: 4
 Periodic GC: Disabled
Heap:
 garbage-first heap   total 262144K, used 160768K [0x00000000e0000000, 0x0000000100000000)
  region size 1024K, 95 young (97280K), 9 survivors (9216K)
 Metaspace       used 79348K, committed 80064K, reserved 458752K
  class space    used 10662K, committed 11008K, reserved 327680K
GC Heap History (20 events):
Event: 17.600 GC heap before
{Heap before GC invocations=1 (full 0):
 garbage-first heap   total 262144K, used 22140K [0x00000000e0000000, 0x0000000100000000)
  region size 1024K, 19 young (19456K), 2 survivors (2048K)
 Metaspace       used 10726K, committed 10880K, reserved 393216K
  class space    used 1108K, committed 1216K, reserved 327680K
}
Event: 17.631 GC heap after
{Heap after GC invocations=2 (full 0):
 garbage-first heap   total 262144K, used 11090K [0x00000000e0000000, 0x0000000100000000)
  region size 1024K, 3 young (3072K), 3 survivors (3072K)
 Metaspace       used 10726K, committed 10880K, reserved 393216K
  class space    used 1108K, committed 1216K, reserved 327680K
}
Event: 25.377 GC heap before
{Heap before GC invocations=2 (full 0):
 garbage-first heap   total 262144K, used 64338K [0x00000000e0000000, 0x0000000100000000)
  region size 1024K, 53 young (54272K), 3 survivors (3072K)
 Metaspace       used 12153K, committed 12352K, reserved 393216K
  class space    used 1330K, committed 1408K, reserved 327680K
}
Event: 25.390 GC heap after
{Heap after GC invocations=3 (full 0):
 garbage-first heap   total 262144K, used 16545K [0x00000000e0000000, 0x0000000100000000)
  region size 1024K, 7 young (7168K), 7 survivors (7168K)
 Metaspace       used 12153K, committed 12352K, reserved 393216K
  class space    used 1330K, committed 1408K, reserved 327680K
}
Event: 33.948 GC heap before
{Heap before GC invocations=3 (full 0):
 garbage-first heap   total 262144K, used 48289K [0x00000000e0000000, 0x0000000100000000)
  region size 1024K, 39 young (39936K), 7 survivors (7168K)
 Metaspace       used 21321K, committed 21504K, reserved 393216K
  class space    used 2521K, committed 2624K, reserved 327680K
}
Event: 33.978 GC heap after
{Heap after GC invocations=4 (full 0):
 garbage-first heap   total 262144K, used 19763K [0x00000000e0000000, 0x0000000100000000)
  region size 1024K, 11 young (11264K), 11 survivors (11264K)
 Metaspace       used 21321K, committed 21504K, reserved 393216K
  class space    used 2521K, committed 2624K, reserved 327680K
}
Event: 41.648 GC heap before
{Heap before GC invocations=5 (full 0):
 garbage-first heap   total 262144K, used 125235K [0x00000000e0000000, 0x0000000100000000)
  region size 1024K, 116 young (118784K), 11 survivors (11264K)
 Metaspace       used 35645K, committed 35968K, reserved 393216K
  class space    used 4890K, committed 5056K, reserved 327680K
}
Event: 41.703 GC heap after
{Heap after GC invocations=6 (full 0):
 garbage-first heap   total 262144K, used 25065K [0x00000000e0000000, 0x0000000100000000)
  region size 1024K, 16 young (16384K), 16 survivors (16384K)
 Metaspace       used 35645K, committed 35968K, reserved 393216K
  class space    used 4890K, committed 5056K, reserved 327680K
}
Event: 47.998 GC heap before
{Heap before GC invocations=7 (full 0):
 garbage-first heap   total 262144K, used 171497K [0x00000000e0000000, 0x0000000100000000)
  region size 1024K, 153 young (156672K), 16 survivors (16384K)
 Metaspace       used 53357K, committed 53824K, reserved 393216K
  class space    used 7153K, committed 7360K, reserved 327680K
}
Event: 48.091 GC heap after
{Heap after GC invocations=8 (full 0):
 garbage-first heap   total 262144K, used 34935K [0x00000000e0000000, 0x0000000100000000)
  region size 1024K, 18 young (18432K), 18 survivors (18432K)
 Metaspace       used 53357K, committed 53824K, reserved 393216K
  class space    used 7153K, committed 7360K, reserved 327680K
}
Event: 54.215 GC heap before
{Heap before GC invocations=8 (full 0):
 garbage-first heap   total 262144K, used 107639K [0x00000000e0000000, 0x0000000100000000)
  region size 1024K, 90 young (92160K), 18 survivors (18432K)
 Metaspace       used 59622K, committed 60096K, reserved 393216K
  class space    used 8164K, committed 8384K, reserved 327680K
}
Event: 54.283 GC heap after
{Heap after GC invocations=9 (full 0):
 garbage-first heap   total 262144K, used 39078K [0x00000000e0000000, 0x0000000100000000)
  region size 1024K, 15 young (15360K), 15 survivors (15360K)
 Metaspace       used 59622K, committed 60096K, reserved 393216K
  class space    used 8164K, committed 8384K, reserved 327680K
}
Event: 63.664 GC heap before
{Heap before GC invocations=10 (full 0):
 garbage-first heap   total 262144K, used 180390K [0x00000000e0000000, 0x0000000100000000)
  region size 1024K, 153 young (156672K), 15 survivors (15360K)
 Metaspace       used 64598K, committed 65152K, reserved 393216K
  class space    used 8743K, committed 9024K, reserved 327680K
}
Event: 63.738 GC heap after
{Heap after GC invocations=11 (full 0):
 garbage-first heap   total 262144K, used 50473K [0x00000000e0000000, 0x0000000100000000)
  region size 1024K, 16 young (16384K), 16 survivors (16384K)
 Metaspace       used 64598K, committed 65152K, reserved 393216K
  class space    used 8743K, committed 9024K, reserved 327680K
}
Event: 67.307 GC heap before
{Heap before GC invocations=11 (full 0):
 garbage-first heap   total 262144K, used 192809K [0x00000000e0000000, 0x0000000100000000)
  region size 1024K, 153 young (156672K), 16 survivors (16384K)
 Metaspace       used 74404K, committed 74944K, reserved 393216K
  class space    used 10134K, committed 10368K, reserved 327680K
}
Event: 67.367 GC heap after
{Heap after GC invocations=12 (full 0):
 garbage-first heap   total 262144K, used 69448K [0x00000000e0000000, 0x0000000100000000)
  region size 1024K, 20 young (20480K), 20 survivors (20480K)
 Metaspace       used 74404K, committed 74944K, reserved 393216K
  class space    used 10134K, committed 10368K, reserved 327680K
}
Event: 84.489 GC heap before
{Heap before GC invocations=12 (full 0):
 garbage-first heap   total 262144K, used 197448K [0x00000000e0000000, 0x0000000100000000)
  region size 1024K, 145 young (148480K), 20 survivors (20480K)
 Metaspace       used 77988K, committed 78592K, reserved 458752K
  class space    used 10620K, committed 10944K, reserved 327680K
}
Event: 84.650 GC heap after
{Heap after GC invocations=13 (full 0):
 garbage-first heap   total 262144K, used 71168K [0x00000000e0000000, 0x0000000100000000)
  region size 1024K, 10 young (10240K), 10 survivors (10240K)
 Metaspace       used 77988K, committed 78592K, reserved 458752K
  class space    used 10620K, committed 10944K, reserved 327680K
}
Event: 138.646 GC heap before
{Heap before GC invocations=13 (full 0):
 garbage-first heap   total 262144K, used 199168K [0x00000000e0000000, 0x0000000100000000)
  region size 1024K, 135 young (138240K), 10 survivors (10240K)
 Metaspace       used 78965K, committed 79680K, reserved 458752K
  class space    used 10657K, committed 11008K, reserved 327680K
}
Event: 138.741 GC heap after
{Heap after GC invocations=14 (full 0):
 garbage-first heap   total 262144K, used 73728K [0x00000000e0000000, 0x0000000100000000)
  region size 1024K, 9 young (9216K), 9 survivors (9216K)
 Metaspace       used 78965K, committed 79680K, reserved 458752K
  class space    used 10657K, committed 11008K, reserved 327680K
}

