# JRE version: OpenJDK Runtime Environment JBR-17.0.7+7-1000.6-jcef (17.0.7+7) (build 17.0.7+7-b1000.6)
# Java VM: OpenJDK 64-Bit Server VM JBR-17.0.7+7-1000.6-jcef (17.0.7+7-b1000.6, mixed mode, tiered, compressed oops, compressed class ptrs, g1 gc, windows-amd64)
GC Precious Log:
 CPUs: 4 total, 4 available
 Memory: 3534M
 Large Page Support: Disabled
 NUMA Support: Disabled
 Compressed Oops: Enabled (32-bit)
 Heap Region Size: 1M
 Heap Min Capacity: 256M
 Heap Initial Capacity: 256M
 Heap Max Capacity: 512M
 Pre-touch: Disabled
 Parallel Workers: 4
 Concurrent Workers: 1
 Concurrent Refinement Workers: 4
 Periodic GC: Disabled
Heap:
 garbage-first heap   total 262144K, used 58811K [0x00000000e0000000, 0x0000000100000000)
  region size 1024K, 39 young (39936K), 1 survivors (1024K)
 Metaspace       used 29041K, committed 29312K, reserved 393216K
  class space    used 3822K, committed 3968K, reserved 327680K
GC Heap History (12 events):
Event: 30.288 GC heap before
{Heap before GC invocations=0 (full 0):
 garbage-first heap   total 262144K, used 13312K [0x00000000e0000000, 0x0000000100000000)
  region size 1024K, 13 young (13312K), 0 survivors (0K)
 Metaspace       used 7071K, committed 7168K, reserved 393216K
  class space    used 621K, committed 704K, reserved 327680K
}
Event: 30.344 GC heap after
{Heap after GC invocations=1 (full 0):
 garbage-first heap   total 262144K, used 1660K [0x00000000e0000000, 0x0000000100000000)
  region size 1024K, 2 young (2048K), 2 survivors (2048K)
 Metaspace       used 7071K, committed 7168K, reserved 393216K
  class space    used 621K, committed 704K, reserved 327680K
}
Event: 50.931 GC heap before
{Heap before GC invocations=1 (full 0):
 garbage-first heap   total 262144K, used 21116K [0x00000000e0000000, 0x0000000100000000)
  region size 1024K, 18 young (18432K), 2 survivors (2048K)
 Metaspace       used 10653K, committed 10816K, reserved 393216K
  class space    used 1107K, committed 1216K, reserved 327680K
}
Event: 50.945 GC heap after
{Heap after GC invocations=2 (full 0):
 garbage-first heap   total 262144K, used 11518K [0x00000000e0000000, 0x0000000100000000)
  region size 1024K, 3 young (3072K), 3 survivors (3072K)
 Metaspace       used 10653K, committed 10816K, reserved 393216K
  class space    used 1107K, committed 1216K, reserved 327680K
}
Event: 81.801 GC heap before
{Heap before GC invocations=2 (full 0):
 garbage-first heap   total 262144K, used 61694K [0x00000000e0000000, 0x0000000100000000)
  region size 1024K, 50 young (51200K), 3 survivors (3072K)
 Metaspace       used 11739K, committed 11904K, reserved 393216K
  class space    used 1234K, committed 1344K, reserved 327680K
}
Event: 82.325 GC heap after
{Heap after GC invocations=3 (full 0):
 garbage-first heap   total 262144K, used 16563K [0x00000000e0000000, 0x0000000100000000)
  region size 1024K, 7 young (7168K), 7 survivors (7168K)
 Metaspace       used 11739K, committed 11904K, reserved 393216K
  class space    used 1234K, committed 1344K, reserved 327680K
}
Event: 85.085 GC heap before
{Heap before GC invocations=3 (full 0):
 garbage-first heap   total 262144K, used 23731K [0x00000000e0000000, 0x0000000100000000)
  region size 1024K, 14 young (14336K), 7 survivors (7168K)
 Metaspace       used 13366K, committed 13504K, reserved 393216K
  class space    used 1476K, committed 1536K, reserved 327680K
}
Event: 85.100 GC heap after
{Heap after GC invocations=4 (full 0):
 garbage-first heap   total 262144K, used 17631K [0x00000000e0000000, 0x0000000100000000)
  region size 1024K, 1 young (1024K), 1 survivors (1024K)
 Metaspace       used 13366K, committed 13504K, reserved 393216K
  class space    used 1476K, committed 1536K, reserved 327680K
}
Event: 106.797 GC heap before
{Heap before GC invocations=4 (full 0):
 garbage-first heap   total 262144K, used 45279K [0x00000000e0000000, 0x0000000100000000)
  region size 1024K, 29 young (29696K), 1 survivors (1024K)
 Metaspace       used 21310K, committed 21504K, reserved 393216K
  class space    used 2523K, committed 2624K, reserved 327680K
}
Event: 106.823 GC heap after
{Heap after GC invocations=5 (full 0):
 garbage-first heap   total 262144K, used 20096K [0x00000000e0000000, 0x0000000100000000)
  region size 1024K, 4 young (4096K), 4 survivors (4096K)
 Metaspace       used 21310K, committed 21504K, reserved 393216K
  class space    used 2523K, committed 2624K, reserved 327680K
}
Event: 123.839 GC heap before
{Heap before GC invocations=6 (full 0):
 garbage-first heap   total 262144K, used 36480K [0x00000000e0000000, 0x0000000100000000)
  region size 1024K, 20 young (20480K), 4 survivors (4096K)
 Metaspace       used 23922K, committed 24192K, reserved 393216K
  class space    used 2937K, committed 3072K, reserved 327680K
}
Event: 123.857 GC heap after
{Heap after GC invocations=7 (full 0):
 garbage-first heap   total 262144K, used 20923K [0x00000000e0000000, 0x0000000100000000)
  region size 1024K, 1 young (1024K), 1 survivors (1024K)
 Metaspace       used 23922K, committed 24192K, reserved 393216K
  class space    used 2937K, committed 3072K, reserved 327680K
}

