# JRE version: OpenJDK Runtime Environment JBR-17.0.7+7-1000.6-jcef (17.0.7+7) (build 17.0.7+7-b1000.6)
# Java VM: OpenJDK 64-Bit Server VM JBR-17.0.7+7-1000.6-jcef (17.0.7+7-b1000.6, mixed mode, tiered, compressed oops, compressed class ptrs, g1 gc, windows-amd64)
GC Precious Log:
 CPUs: 4 total, 4 available
 Memory: 3534M
 Large Page Support: Disabled
 NUMA Support: Disabled
 Compressed Oops: Enabled (32-bit)
 Heap Region Size: 1M
 Heap Min Capacity: 256M
 Heap Initial Capacity: 256M
 Heap Max Capacity: 512M
 Pre-touch: Disabled
 Parallel Workers: 4
 Concurrent Workers: 1
 Concurrent Refinement Workers: 4
 Periodic GC: Disabled
Heap:
 garbage-first heap   total 262144K, used 60990K [0x00000000e0000000, 0x0000000100000000)
  region size 1024K, 37 young (37888K), 14 survivors (14336K)
 Metaspace       used 60231K, committed 60736K, reserved 393216K
  class space    used 8275K, committed 8512K, reserved 327680K
GC Heap History (14 events):
Event: 5.005 GC heap before
{Heap before GC invocations=0 (full 0):
 garbage-first heap   total 262144K, used 13312K [0x00000000e0000000, 0x0000000100000000)
  region size 1024K, 13 young (13312K), 0 survivors (0K)
 Metaspace       used 7075K, committed 7168K, reserved 393216K
  class space    used 621K, committed 704K, reserved 327680K
}
Event: 5.045 GC heap after
{Heap after GC invocations=1 (full 0):
 garbage-first heap   total 262144K, used 1664K [0x00000000e0000000, 0x0000000100000000)
  region size 1024K, 2 young (2048K), 2 survivors (2048K)
 Metaspace       used 7075K, committed 7168K, reserved 393216K
  class space    used 621K, committed 704K, reserved 327680K
}
Event: 13.188 GC heap before
{Heap before GC invocations=1 (full 0):
 garbage-first heap   total 262144K, used 23168K [0x00000000e0000000, 0x0000000100000000)
  region size 1024K, 20 young (20480K), 2 survivors (2048K)
 Metaspace       used 10720K, committed 10880K, reserved 393216K
  class space    used 1107K, committed 1216K, reserved 327680K
}
Event: 13.196 GC heap after
{Heap after GC invocations=2 (full 0):
 garbage-first heap   total 262144K, used 10963K [0x00000000e0000000, 0x0000000100000000)
  region size 1024K, 3 young (3072K), 3 survivors (3072K)
 Metaspace       used 10720K, committed 10880K, reserved 393216K
  class space    used 1107K, committed 1216K, reserved 327680K
}
Event: 24.036 GC heap before
{Heap before GC invocations=2 (full 0):
 garbage-first heap   total 262144K, used 64211K [0x00000000e0000000, 0x0000000100000000)
  region size 1024K, 53 young (54272K), 3 survivors (3072K)
 Metaspace       used 12324K, committed 12416K, reserved 393216K
  class space    used 1360K, committed 1408K, reserved 327680K
}
Event: 24.045 GC heap after
{Heap after GC invocations=3 (full 0):
 garbage-first heap   total 262144K, used 16701K [0x00000000e0000000, 0x0000000100000000)
  region size 1024K, 7 young (7168K), 7 survivors (7168K)
 Metaspace       used 12324K, committed 12416K, reserved 393216K
  class space    used 1360K, committed 1408K, reserved 327680K
}
Event: 32.437 GC heap before
{Heap before GC invocations=3 (full 0):
 garbage-first heap   total 262144K, used 48445K [0x00000000e0000000, 0x0000000100000000)
  region size 1024K, 39 young (39936K), 7 survivors (7168K)
 Metaspace       used 21287K, committed 21504K, reserved 393216K
  class space    used 2522K, committed 2624K, reserved 327680K
}
Event: 32.453 GC heap after
{Heap after GC invocations=4 (full 0):
 garbage-first heap   total 262144K, used 19899K [0x00000000e0000000, 0x0000000100000000)
  region size 1024K, 11 young (11264K), 11 survivors (11264K)
 Metaspace       used 21287K, committed 21504K, reserved 393216K
  class space    used 2522K, committed 2624K, reserved 327680K
}
Event: 62.506 GC heap before
{Heap before GC invocations=5 (full 0):
 garbage-first heap   total 262144K, used 127419K [0x00000000e0000000, 0x0000000100000000)
  region size 1024K, 117 young (119808K), 11 survivors (11264K)
 Metaspace       used 35703K, committed 35968K, reserved 393216K
  class space    used 4894K, committed 5056K, reserved 327680K
}
Event: 62.581 GC heap after
{Heap after GC invocations=6 (full 0):
 garbage-first heap   total 262144K, used 24893K [0x00000000e0000000, 0x0000000100000000)
  region size 1024K, 15 young (15360K), 15 survivors (15360K)
 Metaspace       used 35703K, committed 35968K, reserved 393216K
  class space    used 4894K, committed 5056K, reserved 327680K
}
Event: 87.721 GC heap before
{Heap before GC invocations=7 (full 0):
 garbage-first heap   total 262144K, used 172349K [0x00000000e0000000, 0x0000000100000000)
  region size 1024K, 153 young (156672K), 15 survivors (15360K)
 Metaspace       used 53448K, committed 53888K, reserved 393216K
  class space    used 7159K, committed 7360K, reserved 327680K
}
Event: 87.782 GC heap after
{Heap after GC invocations=8 (full 0):
 garbage-first heap   total 262144K, used 34478K [0x00000000e0000000, 0x0000000100000000)
  region size 1024K, 18 young (18432K), 18 survivors (18432K)
 Metaspace       used 53448K, committed 53888K, reserved 393216K
  class space    used 7159K, committed 7360K, reserved 327680K
}
Event: 96.725 GC heap before
{Heap before GC invocations=8 (full 0):
 garbage-first heap   total 262144K, used 107182K [0x00000000e0000000, 0x0000000100000000)
  region size 1024K, 90 young (92160K), 18 survivors (18432K)
 Metaspace       used 59588K, committed 60096K, reserved 393216K
  class space    used 8144K, committed 8384K, reserved 327680K
}
Event: 96.763 GC heap after
{Heap after GC invocations=9 (full 0):
 garbage-first heap   total 262144K, used 38462K [0x00000000e0000000, 0x0000000100000000)
  region size 1024K, 14 young (14336K), 14 survivors (14336K)
 Metaspace       used 59588K, committed 60096K, reserved 393216K
  class space    used 8144K, committed 8384K, reserved 327680K
}

