# JRE version: OpenJDK Runtime Environment JBR-17.0.7+7-1000.6-jcef (17.0.7+7) (build 17.0.7+7-b1000.6)
# Java VM: OpenJDK 64-Bit Server VM JBR-17.0.7+7-1000.6-jcef (17.0.7+7-b1000.6, mixed mode, tiered, compressed oops, compressed class ptrs, g1 gc, windows-amd64)
GC Precious Log:
 CPUs: 4 total, 4 available
 Memory: 3534M
 Large Page Support: Disabled
 NUMA Support: Disabled
 Compressed Oops: Enabled (32-bit)
 Heap Region Size: 1M
 Heap Min Capacity: 256M
 Heap Initial Capacity: 256M
 Heap Max Capacity: 512M
 Pre-touch: Disabled
 Parallel Workers: 4
 Concurrent Workers: 1
 Concurrent Refinement Workers: 4
 Periodic GC: Disabled
Heap:
 garbage-first heap   total 262144K, used 62000K [0x00000000e0000000, 0x0000000100000000)
  region size 1024K, 29 young (29696K), 2 survivors (2048K)
 Metaspace       used 55615K, committed 56064K, reserved 393216K
  class space    used 7505K, committed 7680K, reserved 327680K
GC Heap History (20 events):
Event: 228.415 GC heap before
{Heap before GC invocations=14 (full 0):
 garbage-first heap   total 262144K, used 36028K [0x00000000e0000000, 0x0000000100000000)
  region size 1024K, 12 young (12288K), 1 survivors (1024K)
 Metaspace       used 38701K, committed 39104K, reserved 393216K
  class space    used 5334K, committed 5504K, reserved 327680K
}
Event: 228.431 GC heap after
{Heap after GC invocations=15 (full 0):
 garbage-first heap   total 262144K, used 26484K [0x00000000e0000000, 0x0000000100000000)
  region size 1024K, 2 young (2048K), 2 survivors (2048K)
 Metaspace       used 38701K, committed 39104K, reserved 393216K
  class space    used 5334K, committed 5504K, reserved 327680K
}
Event: 239.868 GC heap before
{Heap before GC invocations=15 (full 0):
 garbage-first heap   total 262144K, used 36724K [0x00000000e0000000, 0x0000000100000000)
  region size 1024K, 12 young (12288K), 2 survivors (2048K)
 Metaspace       used 41843K, committed 42240K, reserved 393216K
  class space    used 5654K, committed 5824K, reserved 327680K
}
Event: 239.907 GC heap after
{Heap after GC invocations=16 (full 0):
 garbage-first heap   total 262144K, used 27661K [0x00000000e0000000, 0x0000000100000000)
  region size 1024K, 2 young (2048K), 2 survivors (2048K)
 Metaspace       used 41843K, committed 42240K, reserved 393216K
  class space    used 5654K, committed 5824K, reserved 327680K
}
Event: 245.141 GC heap before
{Heap before GC invocations=16 (full 0):
 garbage-first heap   total 262144K, used 36877K [0x00000000e0000000, 0x0000000100000000)
  region size 1024K, 12 young (12288K), 2 survivors (2048K)
 Metaspace       used 43318K, committed 43712K, reserved 393216K
  class space    used 5809K, committed 6016K, reserved 327680K
}
Event: 245.150 GC heap after
{Heap after GC invocations=17 (full 0):
 garbage-first heap   total 262144K, used 29143K [0x00000000e0000000, 0x0000000100000000)
  region size 1024K, 2 young (2048K), 2 survivors (2048K)
 Metaspace       used 43318K, committed 43712K, reserved 393216K
  class space    used 5809K, committed 6016K, reserved 327680K
}
Event: 245.809 GC heap before
{Heap before GC invocations=17 (full 0):
 garbage-first heap   total 262144K, used 39383K [0x00000000e0000000, 0x0000000100000000)
  region size 1024K, 12 young (12288K), 2 survivors (2048K)
 Metaspace       used 43352K, committed 43712K, reserved 393216K
  class space    used 5809K, committed 6016K, reserved 327680K
}
Event: 245.814 GC heap after
{Heap after GC invocations=18 (full 0):
 garbage-first heap   total 262144K, used 29723K [0x00000000e0000000, 0x0000000100000000)
  region size 1024K, 2 young (2048K), 2 survivors (2048K)
 Metaspace       used 43352K, committed 43712K, reserved 393216K
  class space    used 5809K, committed 6016K, reserved 327680K
}
Event: 248.485 GC heap before
{Heap before GC invocations=18 (full 0):
 garbage-first heap   total 262144K, used 38939K [0x00000000e0000000, 0x0000000100000000)
  region size 1024K, 12 young (12288K), 2 survivors (2048K)
 Metaspace       used 43740K, committed 44096K, reserved 393216K
  class space    used 5851K, committed 6016K, reserved 327680K
}
Event: 248.512 GC heap after
{Heap after GC invocations=19 (full 0):
 garbage-first heap   total 262144K, used 31230K [0x00000000e0000000, 0x0000000100000000)
  region size 1024K, 2 young (2048K), 2 survivors (2048K)
 Metaspace       used 43740K, committed 44096K, reserved 393216K
  class space    used 5851K, committed 6016K, reserved 327680K
}
Event: 258.887 GC heap before
{Heap before GC invocations=19 (full 0):
 garbage-first heap   total 262144K, used 48638K [0x00000000e0000000, 0x0000000100000000)
  region size 1024K, 15 young (15360K), 2 survivors (2048K)
 Metaspace       used 45569K, committed 45952K, reserved 393216K
  class space    used 5991K, committed 6208K, reserved 327680K
}
Event: 259.542 GC heap after
{Heap after GC invocations=20 (full 0):
 garbage-first heap   total 262144K, used 32587K [0x00000000e0000000, 0x0000000100000000)
  region size 1024K, 2 young (2048K), 2 survivors (2048K)
 Metaspace       used 45569K, committed 45952K, reserved 393216K
  class space    used 5991K, committed 6208K, reserved 327680K
}
Event: 269.536 GC heap before
{Heap before GC invocations=20 (full 0):
 garbage-first heap   total 262144K, used 41803K [0x00000000e0000000, 0x0000000100000000)
  region size 1024K, 12 young (12288K), 2 survivors (2048K)
 Metaspace       used 46659K, committed 47040K, reserved 393216K
  class space    used 6166K, committed 6336K, reserved 327680K
}
Event: 269.545 GC heap after
{Heap after GC invocations=21 (full 0):
 garbage-first heap   total 262144K, used 33567K [0x00000000e0000000, 0x0000000100000000)
  region size 1024K, 2 young (2048K), 2 survivors (2048K)
 Metaspace       used 46659K, committed 47040K, reserved 393216K
  class space    used 6166K, committed 6336K, reserved 327680K
}
Event: 272.680 GC heap before
{Heap before GC invocations=21 (full 0):
 garbage-first heap   total 262144K, used 42783K [0x00000000e0000000, 0x0000000100000000)
  region size 1024K, 12 young (12288K), 2 survivors (2048K)
 Metaspace       used 47989K, committed 48384K, reserved 393216K
  class space    used 6398K, committed 6592K, reserved 327680K
}
Event: 272.685 GC heap after
{Heap after GC invocations=22 (full 0):
 garbage-first heap   total 262144K, used 33828K [0x00000000e0000000, 0x0000000100000000)
  region size 1024K, 2 young (2048K), 2 survivors (2048K)
 Metaspace       used 47989K, committed 48384K, reserved 393216K
  class space    used 6398K, committed 6592K, reserved 327680K
}
Event: 280.522 GC heap before
{Heap before GC invocations=22 (full 0):
 garbage-first heap   total 262144K, used 49188K [0x00000000e0000000, 0x0000000100000000)
  region size 1024K, 16 young (16384K), 2 survivors (2048K)
 Metaspace       used 50102K, committed 50560K, reserved 393216K
  class space    used 6602K, committed 6784K, reserved 327680K
}
Event: 280.531 GC heap after
{Heap after GC invocations=23 (full 0):
 garbage-first heap   total 262144K, used 34298K [0x00000000e0000000, 0x0000000100000000)
  region size 1024K, 1 young (1024K), 1 survivors (1024K)
 Metaspace       used 50102K, committed 50560K, reserved 393216K
  class space    used 6602K, committed 6784K, reserved 327680K
}
Event: 289.948 GC heap before
{Heap before GC invocations=23 (full 0):
 garbage-first heap   total 262144K, used 63994K [0x00000000e0000000, 0x0000000100000000)
  region size 1024K, 30 young (30720K), 1 survivors (1024K)
 Metaspace       used 53192K, committed 53632K, reserved 393216K
  class space    used 7089K, committed 7296K, reserved 327680K
}
Event: 289.965 GC heap after
{Heap after GC invocations=24 (full 0):
 garbage-first heap   total 262144K, used 35376K [0x00000000e0000000, 0x0000000100000000)
  region size 1024K, 2 young (2048K), 2 survivors (2048K)
 Metaspace       used 53192K, committed 53632K, reserved 393216K
  class space    used 7089K, committed 7296K, reserved 327680K
}

